Copyright 1986-2019 Xilinx, Inc. All Rights Reserved.
-------------------------------------------------------------------------------------------------------------------------------------------------------------------
| Tool Version     : Vivado v.2019.2 (win64) Build 2708876 Wed Nov  6 21:40:23 MST 2019
| Date             : Sun Oct 20 18:21:45 2024
| Host             : leegwongho running 64-bit major release  (build 9200)
| Command          : report_power -file fft_soc_wrapper_power_routed.rpt -pb fft_soc_wrapper_power_summary_routed.pb -rpx fft_soc_wrapper_power_routed.rpx
| Design           : fft_soc_wrapper
| Device           : xc7a35tcpg236-1
| Design State     : routed
| Grade            : commercial
| Process          : typical
| Characterization : Production
-------------------------------------------------------------------------------------------------------------------------------------------------------------------

Power Report

Table of Contents
-----------------
1. Summary
1.1 On-Chip Components
1.2 Power Supply Summary
1.3 Confidence Level
2. Settings
2.1 Environment
2.2 Clock Constraints
3. Detailed Reports
3.1 By Hierarchy

1. Summary
----------

+--------------------------+--------------+
| Total On-Chip Power (W)  | 0.229        |
| Design Power Budget (W)  | Unspecified* |
| Power Budget Margin (W)  | NA           |
| Dynamic (W)              | 0.156        |
| Device Static (W)        | 0.074        |
| Effective TJA (C/W)      | 5.0          |
| Max Ambient (C)          | 83.9         |
| Junction Temperature (C) | 26.1         |
| Confidence Level         | Medium       |
| Setting File             | ---          |
| Simulation Activity File | ---          |
| Design Nets Matched      | NA           |
+--------------------------+--------------+
* Specify Design Power Budget using, set_operating_conditions -design_power_budget <value in Watts>


1.1 On-Chip Components
----------------------

+--------------------------+-----------+----------+-----------+-----------------+
| On-Chip                  | Power (W) | Used     | Available | Utilization (%) |
+--------------------------+-----------+----------+-----------+-----------------+
| Clocks                   |     0.010 |        7 |       --- |             --- |
| Slice Logic              |     0.009 |     4989 |       --- |             --- |
|   LUT as Logic           |     0.007 |     1581 |     20800 |            7.60 |
|   LUT as Distributed RAM |     0.001 |      128 |      9600 |            1.33 |
|   CARRY4                 |    <0.001 |       99 |      8150 |            1.21 |
|   Register               |    <0.001 |     1830 |     41600 |            4.40 |
|   LUT as Shift Register  |    <0.001 |      120 |      9600 |            1.25 |
|   F7/F8 Muxes            |    <0.001 |       65 |     32600 |            0.20 |
|   Others                 |     0.000 |      716 |       --- |             --- |
| Signals                  |     0.016 |     3720 |       --- |             --- |
| Block RAM                |    <0.001 |       32 |        50 |           64.00 |
| MMCM                     |     0.106 |        1 |         5 |           20.00 |
| DSPs                     |     0.014 |       15 |        90 |           16.67 |
| I/O                      |    <0.001 |        4 |       106 |            3.77 |
| Static Power             |     0.074 |          |           |                 |
| Total                    |     0.229 |          |           |                 |
+--------------------------+-----------+----------+-----------+-----------------+


1.2 Power Supply Summary
------------------------

+-----------+-------------+-----------+-------------+------------+
| Source    | Voltage (V) | Total (A) | Dynamic (A) | Static (A) |
+-----------+-------------+-----------+-------------+------------+
| Vccint    |       1.000 |     0.061 |       0.050 |      0.011 |
| Vccaux    |       1.800 |     0.071 |       0.059 |      0.013 |
| Vcco33    |       3.300 |     0.001 |       0.000 |      0.001 |
| Vcco25    |       2.500 |     0.000 |       0.000 |      0.000 |
| Vcco18    |       1.800 |     0.000 |       0.000 |      0.000 |
| Vcco15    |       1.500 |     0.000 |       0.000 |      0.000 |
| Vcco135   |       1.350 |     0.000 |       0.000 |      0.000 |
| Vcco12    |       1.200 |     0.000 |       0.000 |      0.000 |
| Vccaux_io |       1.800 |     0.000 |       0.000 |      0.000 |
| Vccbram   |       1.000 |     0.001 |       0.000 |      0.001 |
| MGTAVcc   |       1.000 |     0.000 |       0.000 |      0.000 |
| MGTAVtt   |       1.200 |     0.000 |       0.000 |      0.000 |
| Vccadc    |       1.800 |     0.020 |       0.000 |      0.020 |
+-----------+-------------+-----------+-------------+------------+


1.3 Confidence Level
--------------------

+-----------------------------+------------+-------------------------------------------------------+------------------------------------------------------------------------------------------------------------+
| User Input Data             | Confidence | Details                                               | Action                                                                                                     |
+-----------------------------+------------+-------------------------------------------------------+------------------------------------------------------------------------------------------------------------+
| Design implementation state | High       | Design is routed                                      |                                                                                                            |
| Clock nodes activity        | High       | User specified more than 95% of clocks                |                                                                                                            |
| I/O nodes activity          | Medium     | More than 5% of inputs are missing user specification | Provide missing input activity with simulation results or by editing the "By Resource Type -> I/Os" view   |
| Internal nodes activity     | Medium     | User specified less than 25% of internal nodes        | Provide missing internal nodes activity with simulation results or by editing the "By Resource Type" views |
| Device models               | High       | Device models are Production                          |                                                                                                            |
|                             |            |                                                       |                                                                                                            |
| Overall confidence level    | Medium     |                                                       |                                                                                                            |
+-----------------------------+------------+-------------------------------------------------------+------------------------------------------------------------------------------------------------------------+


2. Settings
-----------

2.1 Environment
---------------

+-----------------------+--------------------------+
| Ambient Temp (C)      | 25.0                     |
| ThetaJA (C/W)         | 5.0                      |
| Airflow (LFM)         | 250                      |
| Heat Sink             | medium (Medium Profile)  |
| ThetaSA (C/W)         | 4.6                      |
| Board Selection       | medium (10"x10")         |
| # of Board Layers     | 12to15 (12 to 15 Layers) |
| Board Temperature (C) | 25.0                     |
+-----------------------+--------------------------+


2.2 Clock Constraints
---------------------

+-----------------------------------------------------------+-------------------------------------------------------+-----------------+
| Clock                                                     | Domain                                                | Constraint (ns) |
+-----------------------------------------------------------+-------------------------------------------------------+-----------------+
| clk_out1_fft_soc_clk_wiz_0_0                              | fft_soc_i/clk_wiz_0/inst/clk_out1_fft_soc_clk_wiz_0_0 |            10.0 |
| clkfbout_fft_soc_clk_wiz_0_0                              | fft_soc_i/clk_wiz_0/inst/clkfbout_fft_soc_clk_wiz_0_0 |            10.0 |
| fft_soc_i/mdm_1/U0/Use_E2.BSCAN_I/Use_E2.BSCANE2_I/DRCK   | fft_soc_i/mdm_1/U0/Use_E2.BSCAN_I/DRCK                |            33.3 |
| fft_soc_i/mdm_1/U0/Use_E2.BSCAN_I/Use_E2.BSCANE2_I/UPDATE | fft_soc_i/mdm_1/U0/Use_E2.BSCAN_I/Ext_JTAG_UPDATE     |            33.3 |
| sys_clock                                                 | sys_clock                                             |            10.0 |
+-----------------------------------------------------------+-------------------------------------------------------+-----------------+


3. Detailed Reports
-------------------

3.1 By Hierarchy
----------------

+------------------+-----------+
| Name             | Power (W) |
+------------------+-----------+
| fft_soc_wrapper  |     0.156 |
|   fft_soc_i      |     0.156 |
|     clk_wiz_0    |     0.106 |
|       inst       |     0.106 |
|     microblaze_0 |     0.018 |
|       U0         |     0.018 |
|     myip_fft_0   |     0.029 |
|       inst       |     0.029 |
+------------------+-----------+


